Build started 2012.01.14. 12:35:05.
     1>Project "G:\jatek\jatek\jatek.vcxproj" on node 2 (build target(s)).
     1>InitializeBuildStatus:
         Creating "Debug\jatek.unsuccessfulbuild" because "AlwaysCreate" was specified.
       ClCompile:
         c:\Program Files\Microsoft Visual Studio 10.0\VC\bin\CL.exe /c /ZI /nologo /W3 /WX- /Od /Oy- /D WIN32 /D _DEBUG /D _CONSOLE /D _UNICODE /D UNICODE /Gm /EHsc /RTC1 /MDd /GS /fp:precise /Zc:wchar_t /Zc:forScope /Fo"Debug\\" /Fd"Debug\vc100.pdb" /Gd /TP /analyze- /errorReport:prompt jatek.cpp
         jatek.cpp
       ManifestResourceCompile:
         All outputs are up-to-date.
       Link:
         c:\Program Files\Microsoft Visual Studio 10.0\VC\bin\link.exe /ERRORREPORT:PROMPT /OUT:"G:\jatek\Debug\jatek.exe" /INCREMENTAL /NOLOGO kernel32.lib user32.lib gdi32.lib winspool.lib comdlg32.lib advapi32.lib shell32.lib ole32.lib oleaut32.lib uuid.lib odbc32.lib odbccp32.lib /MANIFEST /ManifestFile:"Debug\jatek.exe.intermediate.manifest" /MANIFESTUAC:"level='asInvoker' uiAccess='false'" /DEBUG /PDB:"G:\jatek\Debug\jatek.pdb" /SUBSYSTEM:CONSOLE /TLBID:1 /DYNAMICBASE /NXCOMPAT /IMPLIB:"G:\jatek\Debug\jatek.lib" /MACHINE:X86 Debug\jatek.exe.embed.manifest.res
         Debug\jatek.obj
       Manifest:
         c:\Program Files\Microsoft SDKs\Windows\v7.0A\bin\mt.exe /nologo /verbose /out:"Debug\jatek.exe.embed.manifest" /manifest Debug\jatek.exe.intermediate.manifest
         All outputs are up-to-date.
       LinkEmbedManifest:
         All outputs are up-to-date.
         jatek.vcxproj -> G:\jatek\Debug\jatek.exe
       FinalizeBuildStatus:
         Deleting file "Debug\jatek.unsuccessfulbuild".
         Touching "Debug\jatek.lastbuildstate".
     1>Done Building Project "G:\jatek\jatek\jatek.vcxproj" (build target(s)).

Build succeeded.

Time Elapsed 00:00:01.46
